<?xml version="1.0" encoding="UTF-8"?>
<testng-results ignored="0" total="1" passed="1" failed="0" skipped="0">
  <reporter-output>
  </reporter-output>
  <suite started-at="2025-01-29T10:58:29 IST" name="Default suite" finished-at="2025-01-29T10:58:31 IST" duration-ms="2122">
    <groups>
    </groups>
    <test started-at="2025-01-29T10:58:29 IST" name="Default test" finished-at="2025-01-29T10:58:31 IST" duration-ms="2122">
      <class name="com.api.tests.GetProfileTest">
        <test-method signature="getProfileTest()[pri:0, instance:com.api.tests.GetProfileTest@932bc4a]" started-at="2025-01-29T10:58:29 IST" name="getProfileTest" description="verify update profile api is working" finished-at="2025-01-29T10:58:31 IST" duration-ms="2090" status="PASS">
          <reporter-output>
          </reporter-output>
        </test-method> <!-- getProfileTest -->
      </class> <!-- com.api.tests.GetProfileTest -->
    </test> <!-- Default test -->
  </suite> <!-- Default suite -->
</testng-results>
